<?xml version="1.0" encoding="UTF-8"?>
<coverage generated="1584505073950" clover="3.2.0">
  <project timestamp="1584505073950" name="All files">
    <metrics statements="129" coveredstatements="101" conditionals="38" coveredconditionals="26" methods="38" coveredmethods="24" elements="205" coveredelements="151" complexity="0" loc="129" ncloc="129" packages="1" files="9" classes="9"/>
    <file name="App.jsx" path="/Users/trevorbell/Desktop/reservation-form/client/src/components/App.jsx">
      <metrics statements="32" coveredstatements="18" conditionals="10" coveredconditionals="2" methods="15" coveredmethods="6"/>
      <line num="7" count="4" type="stmt"/>
      <line num="9" count="4" type="stmt"/>
      <line num="15" count="4" type="stmt"/>
      <line num="16" count="4" type="stmt"/>
      <line num="17" count="4" type="stmt"/>
      <line num="21" count="5" type="stmt"/>
      <line num="25" count="4" type="stmt"/>
      <line num="27" count="0" type="stmt"/>
      <line num="30" count="0" type="stmt"/>
      <line num="35" count="0" type="stmt"/>
      <line num="40" count="3" type="stmt"/>
      <line num="41" count="3" type="stmt"/>
      <line num="42" count="3" type="stmt"/>
      <line num="43" count="3" type="stmt"/>
      <line num="44" count="3" type="stmt"/>
      <line num="48" count="1" type="stmt"/>
      <line num="49" count="1" type="stmt"/>
      <line num="50" count="1" type="stmt"/>
      <line num="51" count="1" type="cond" truecount="2" falsecount="2"/>
      <line num="52" count="1" type="stmt"/>
      <line num="61" count="0" type="stmt"/>
      <line num="62" count="0" type="cond" truecount="0" falsecount="4"/>
      <line num="63" count="0" type="stmt"/>
      <line num="74" count="0" type="stmt"/>
      <line num="76" count="0" type="stmt"/>
      <line num="79" count="0" type="stmt"/>
      <line num="80" count="0" type="stmt"/>
      <line num="81" count="0" type="stmt"/>
      <line num="82" count="0" type="stmt"/>
      <line num="85" count="0" type="cond" truecount="0" falsecount="2"/>
      <line num="88" count="0" type="stmt"/>
      <line num="94" count="6" type="stmt"/>
    </file>
    <file name="CheckinDateCal.jsx" path="/Users/trevorbell/Desktop/reservation-form/client/src/components/CheckinDateCal.jsx">
      <metrics statements="37" coveredstatements="35" conditionals="10" coveredconditionals="8" methods="10" coveredmethods="8"/>
      <line num="9" count="7" type="stmt"/>
      <line num="11" count="7" type="stmt"/>
      <line num="15" count="7" type="stmt"/>
      <line num="16" count="7" type="stmt"/>
      <line num="21" count="4" type="cond" truecount="2" falsecount="0"/>
      <line num="22" count="2" type="stmt"/>
      <line num="24" count="4" type="cond" truecount="2" falsecount="0"/>
      <line num="25" count="1" type="stmt"/>
      <line num="33" count="14" type="stmt"/>
      <line num="34" count="14" type="stmt"/>
      <line num="35" count="3" type="stmt"/>
      <line num="36" count="3" type="stmt"/>
      <line num="37" count="3" type="stmt"/>
      <line num="38" count="3" type="stmt"/>
      <line num="39" count="3" type="cond" truecount="2" falsecount="0"/>
      <line num="40" count="2" type="cond" truecount="1" falsecount="1"/>
      <line num="41" count="2" type="cond" truecount="1" falsecount="1"/>
      <line num="42" count="2" type="stmt"/>
      <line num="43" count="2" type="stmt"/>
      <line num="47" count="1" type="stmt"/>
      <line num="53" count="11" type="stmt"/>
      <line num="54" count="5" type="stmt"/>
      <line num="55" count="5" type="stmt"/>
      <line num="56" count="15" type="stmt"/>
      <line num="57" count="15" type="stmt"/>
      <line num="58" count="15" type="stmt"/>
      <line num="59" count="15" type="stmt"/>
      <line num="60" count="15" type="stmt"/>
      <line num="61" count="15" type="stmt"/>
      <line num="62" count="30" type="stmt"/>
      <line num="63" count="30" type="stmt"/>
      <line num="64" count="30" type="stmt"/>
      <line num="67" count="5" type="stmt"/>
      <line num="71" count="11" type="stmt"/>
      <line num="72" count="11" type="stmt"/>
      <line num="79" count="0" type="stmt"/>
      <line num="81" count="0" type="stmt"/>
    </file>
    <file name="GuestsSelector.jsx" path="/Users/trevorbell/Desktop/reservation-form/client/src/components/GuestsSelector.jsx">
      <metrics statements="22" coveredstatements="10" conditionals="4" coveredconditionals="2" methods="5" coveredmethods="2"/>
      <line num="6" count="1" type="stmt"/>
      <line num="8" count="1" type="stmt"/>
      <line num="14" count="1" type="stmt"/>
      <line num="15" count="1" type="stmt"/>
      <line num="16" count="1" type="stmt"/>
      <line num="20" count="0" type="stmt"/>
      <line num="21" count="0" type="stmt"/>
      <line num="22" count="0" type="stmt"/>
      <line num="23" count="0" type="stmt"/>
      <line num="29" count="0" type="stmt"/>
      <line num="30" count="0" type="stmt"/>
      <line num="31" count="0" type="stmt"/>
      <line num="32" count="0" type="stmt"/>
      <line num="38" count="0" type="stmt"/>
      <line num="39" count="0" type="stmt"/>
      <line num="47" count="1" type="stmt"/>
      <line num="48" count="1" type="cond" truecount="1" falsecount="1"/>
      <line num="49" count="0" type="stmt"/>
      <line num="51" count="1" type="stmt"/>
      <line num="52" count="1" type="cond" truecount="1" falsecount="1"/>
      <line num="53" count="0" type="stmt"/>
      <line num="65" count="1" type="stmt"/>
    </file>
    <file name="PaymentCalculator.jsx" path="/Users/trevorbell/Desktop/reservation-form/client/src/components/PaymentCalculator.jsx">
      <metrics statements="2" coveredstatements="2" conditionals="0" coveredconditionals="0" methods="1" coveredmethods="1"/>
      <line num="4" count="3" type="stmt"/>
      <line num="5" count="1" type="stmt"/>
    </file>
    <file name="ReservationDateSelector.jsx" path="/Users/trevorbell/Desktop/reservation-form/client/src/components/ReservationDateSelector.jsx">
      <metrics statements="2" coveredstatements="2" conditionals="0" coveredconditionals="0" methods="1" coveredmethods="1"/>
      <line num="4" count="3" type="stmt"/>
      <line num="5" count="1" type="stmt"/>
    </file>
    <file name="ReservationForm.jsx" path="/Users/trevorbell/Desktop/reservation-form/client/src/components/ReservationForm.jsx">
      <metrics statements="8" coveredstatements="8" conditionals="2" coveredconditionals="2" methods="2" coveredmethods="2"/>
      <line num="10" count="3" type="stmt"/>
      <line num="12" count="3" type="stmt"/>
      <line num="17" count="3" type="stmt"/>
      <line num="18" count="3" type="stmt"/>
      <line num="19" count="3" type="cond" truecount="2" falsecount="0"/>
      <line num="20" count="1" type="stmt"/>
      <line num="29" count="1" type="stmt"/>
      <line num="31" count="3" type="stmt"/>
    </file>
    <file name="ReservationHeader.jsx" path="/Users/trevorbell/Desktop/reservation-form/client/src/components/ReservationHeader.jsx">
      <metrics statements="2" coveredstatements="2" conditionals="0" coveredconditionals="0" methods="1" coveredmethods="1"/>
      <line num="3" count="3" type="stmt"/>
      <line num="4" count="1" type="stmt"/>
    </file>
    <file name="ReserveButton.jsx" path="/Users/trevorbell/Desktop/reservation-form/client/src/components/ReserveButton.jsx">
      <metrics statements="2" coveredstatements="2" conditionals="0" coveredconditionals="0" methods="1" coveredmethods="1"/>
      <line num="3" count="3" type="stmt"/>
      <line num="4" count="2" type="stmt"/>
    </file>
    <file name="SelectionDropDown.jsx" path="/Users/trevorbell/Desktop/reservation-form/client/src/components/SelectionDropDown.jsx">
      <metrics statements="22" coveredstatements="22" conditionals="12" coveredconditionals="12" methods="2" coveredmethods="2"/>
      <line num="5" count="8" type="stmt"/>
      <line num="7" count="8" type="stmt"/>
      <line num="14" count="8" type="stmt"/>
      <line num="15" count="8" type="cond" truecount="2" falsecount="0"/>
      <line num="16" count="3" type="stmt"/>
      <line num="17" count="3" type="stmt"/>
      <line num="19" count="8" type="stmt"/>
      <line num="20" count="8" type="cond" truecount="2" falsecount="0"/>
      <line num="21" count="3" type="stmt"/>
      <line num="23" count="8" type="stmt"/>
      <line num="24" count="8" type="cond" truecount="2" falsecount="0"/>
      <line num="25" count="3" type="stmt"/>
      <line num="27" count="8" type="stmt"/>
      <line num="28" count="8" type="cond" truecount="2" falsecount="0"/>
      <line num="29" count="3" type="stmt"/>
      <line num="31" count="8" type="stmt"/>
      <line num="32" count="8" type="cond" truecount="2" falsecount="0"/>
      <line num="33" count="1" type="stmt"/>
      <line num="35" count="8" type="stmt"/>
      <line num="36" count="8" type="cond" truecount="2" falsecount="0"/>
      <line num="37" count="4" type="stmt"/>
      <line num="39" count="8" type="stmt"/>
    </file>
  </project>
</coverage>
