<?xml version="1.0" encoding="UTF-8"?>
<coverage generated="1584226485530" clover="3.2.0">
  <project timestamp="1584226485530" name="All files">
    <metrics statements="82" coveredstatements="60" conditionals="20" coveredconditionals="10" methods="33" coveredmethods="16" elements="135" coveredelements="86" complexity="0" loc="82" ncloc="82" packages="1" files="9" classes="9"/>
    <file name="App.jsx" path="/Users/trevorbell/Desktop/reservation-form/client/src/components/App.jsx">
      <metrics statements="31" coveredstatements="17" conditionals="10" coveredconditionals="2" methods="15" coveredmethods="6"/>
      <line num="7" count="4" type="stmt"/>
      <line num="9" count="4" type="stmt"/>
      <line num="12" count="4" type="stmt"/>
      <line num="13" count="4" type="stmt"/>
      <line num="14" count="4" type="stmt"/>
      <line num="18" count="5" type="stmt"/>
      <line num="22" count="4" type="stmt"/>
      <line num="24" count="0" type="stmt"/>
      <line num="27" count="0" type="stmt"/>
      <line num="32" count="0" type="stmt"/>
      <line num="37" count="3" type="stmt"/>
      <line num="38" count="3" type="stmt"/>
      <line num="39" count="3" type="stmt"/>
      <line num="40" count="3" type="stmt"/>
      <line num="41" count="3" type="stmt"/>
      <line num="45" count="1" type="stmt"/>
      <line num="46" count="1" type="stmt"/>
      <line num="47" count="1" type="cond" truecount="2" falsecount="2"/>
      <line num="48" count="1" type="stmt"/>
      <line num="56" count="0" type="stmt"/>
      <line num="57" count="0" type="cond" truecount="0" falsecount="4"/>
      <line num="58" count="0" type="stmt"/>
      <line num="69" count="0" type="stmt"/>
      <line num="71" count="0" type="stmt"/>
      <line num="74" count="0" type="stmt"/>
      <line num="75" count="0" type="stmt"/>
      <line num="76" count="0" type="stmt"/>
      <line num="77" count="0" type="stmt"/>
      <line num="80" count="0" type="cond" truecount="0" falsecount="2"/>
      <line num="83" count="0" type="stmt"/>
      <line num="89" count="6" type="stmt"/>
    </file>
    <file name="CheckinDateCal.jsx" path="/Users/trevorbell/Desktop/reservation-form/client/src/components/CheckinDateCal.jsx">
      <metrics statements="37" coveredstatements="35" conditionals="10" coveredconditionals="8" methods="10" coveredmethods="8"/>
      <line num="9" count="7" type="stmt"/>
      <line num="11" count="7" type="stmt"/>
      <line num="15" count="7" type="stmt"/>
      <line num="16" count="7" type="stmt"/>
      <line num="21" count="4" type="cond" truecount="2" falsecount="0"/>
      <line num="22" count="2" type="stmt"/>
      <line num="24" count="4" type="cond" truecount="2" falsecount="0"/>
      <line num="25" count="1" type="stmt"/>
      <line num="33" count="14" type="stmt"/>
      <line num="34" count="14" type="stmt"/>
      <line num="35" count="3" type="stmt"/>
      <line num="36" count="3" type="stmt"/>
      <line num="37" count="3" type="stmt"/>
      <line num="38" count="3" type="stmt"/>
      <line num="39" count="3" type="cond" truecount="2" falsecount="0"/>
      <line num="40" count="2" type="cond" truecount="1" falsecount="1"/>
      <line num="41" count="2" type="cond" truecount="1" falsecount="1"/>
      <line num="42" count="2" type="stmt"/>
      <line num="43" count="2" type="stmt"/>
      <line num="47" count="1" type="stmt"/>
      <line num="53" count="11" type="stmt"/>
      <line num="54" count="5" type="stmt"/>
      <line num="55" count="5" type="stmt"/>
      <line num="56" count="15" type="stmt"/>
      <line num="57" count="15" type="stmt"/>
      <line num="58" count="15" type="stmt"/>
      <line num="59" count="15" type="stmt"/>
      <line num="60" count="15" type="stmt"/>
      <line num="61" count="15" type="stmt"/>
      <line num="62" count="30" type="stmt"/>
      <line num="63" count="30" type="stmt"/>
      <line num="64" count="30" type="stmt"/>
      <line num="67" count="5" type="stmt"/>
      <line num="71" count="11" type="stmt"/>
      <line num="72" count="11" type="stmt"/>
      <line num="79" count="0" type="stmt"/>
      <line num="81" count="0" type="stmt"/>
    </file>
    <file name="GuestsSelector.jsx" path="/Users/trevorbell/Desktop/reservation-form/client/src/components/GuestsSelector.jsx">
      <metrics statements="2" coveredstatements="1" conditionals="0" coveredconditionals="0" methods="1" coveredmethods="0"/>
      <line num="5" count="2" type="stmt"/>
      <line num="6" count="0" type="stmt"/>
    </file>
    <file name="PaymentCalculator.jsx" path="/Users/trevorbell/Desktop/reservation-form/client/src/components/PaymentCalculator.jsx">
      <metrics statements="2" coveredstatements="1" conditionals="0" coveredconditionals="0" methods="1" coveredmethods="0"/>
      <line num="4" count="2" type="stmt"/>
      <line num="5" count="0" type="stmt"/>
    </file>
    <file name="ReservationDateSelector.jsx" path="/Users/trevorbell/Desktop/reservation-form/client/src/components/ReservationDateSelector.jsx">
      <metrics statements="2" coveredstatements="1" conditionals="0" coveredconditionals="0" methods="1" coveredmethods="0"/>
      <line num="4" count="2" type="stmt"/>
      <line num="5" count="0" type="stmt"/>
    </file>
    <file name="ReservationForm.jsx" path="/Users/trevorbell/Desktop/reservation-form/client/src/components/ReservationForm.jsx">
      <metrics statements="2" coveredstatements="2" conditionals="0" coveredconditionals="0" methods="2" coveredmethods="2"/>
      <line num="10" count="1" type="stmt"/>
      <line num="14" count="1" type="stmt"/>
    </file>
    <file name="ReservationHeader.jsx" path="/Users/trevorbell/Desktop/reservation-form/client/src/components/ReservationHeader.jsx">
      <metrics statements="2" coveredstatements="1" conditionals="0" coveredconditionals="0" methods="1" coveredmethods="0"/>
      <line num="3" count="2" type="stmt"/>
      <line num="4" count="0" type="stmt"/>
    </file>
    <file name="ReserveButton.jsx" path="/Users/trevorbell/Desktop/reservation-form/client/src/components/ReserveButton.jsx">
      <metrics statements="2" coveredstatements="1" conditionals="0" coveredconditionals="0" methods="1" coveredmethods="0"/>
      <line num="4" count="2" type="stmt"/>
      <line num="5" count="0" type="stmt"/>
    </file>
    <file name="SelectionDropDown.jsx" path="/Users/trevorbell/Desktop/reservation-form/client/src/components/SelectionDropDown.jsx">
      <metrics statements="2" coveredstatements="1" conditionals="0" coveredconditionals="0" methods="1" coveredmethods="0"/>
      <line num="4" count="2" type="stmt"/>
      <line num="5" count="0" type="stmt"/>
    </file>
  </project>
</coverage>
