{"/Users/trevorbell/Desktop/reservation-form/client/src/components/App.jsx": {"path":"/Users/trevorbell/Desktop/reservation-form/client/src/components/App.jsx","statementMap":{"0":{"start":{"line":7,"column":4},"end":{"line":7,"column":16}},"1":{"start":{"line":9,"column":4},"end":{"line":14,"column":5}},"2":{"start":{"line":15,"column":4},"end":{"line":15,"column":51}},"3":{"start":{"line":16,"column":4},"end":{"line":16,"column":63}},"4":{"start":{"line":17,"column":4},"end":{"line":17,"column":66}},"5":{"start":{"line":21,"column":4},"end":{"line":21,"column":24}},"6":{"start":{"line":25,"column":4},"end":{"line":36,"column":8}},"7":{"start":{"line":27,"column":8},"end":{"line":27,"column":31}},"8":{"start":{"line":30,"column":8},"end":{"line":32,"column":10}},"9":{"start":{"line":35,"column":8},"end":{"line":35,"column":25}},"10":{"start":{"line":40,"column":21},"end":{"line":40,"column":23}},"11":{"start":{"line":41,"column":4},"end":{"line":41,"column":34}},"12":{"start":{"line":42,"column":4},"end":{"line":42,"column":47}},"13":{"start":{"line":43,"column":4},"end":{"line":43,"column":32}},"14":{"start":{"line":44,"column":4},"end":{"line":44,"column":21}},"15":{"start":{"line":48,"column":16},"end":{"line":48,"column":47}},"16":{"start":{"line":49,"column":26},"end":{"line":49,"column":106}},"17":{"start":{"line":50,"column":24},"end":{"line":50,"column":98}},"18":{"start":{"line":51,"column":4},"end":{"line":57,"column":5}},"19":{"start":{"line":52,"column":6},"end":{"line":56,"column":8}},"20":{"start":{"line":61,"column":4},"end":{"line":61,"column":24}},"21":{"start":{"line":62,"column":4},"end":{"line":90,"column":5}},"22":{"start":{"line":63,"column":20},"end":{"line":73,"column":7}},"23":{"start":{"line":74,"column":6},"end":{"line":89,"column":10}},"24":{"start":{"line":76,"column":10},"end":{"line":76,"column":33}},"25":{"start":{"line":79,"column":23},"end":{"line":79,"column":101}},"26":{"start":{"line":79,"column":59},"end":{"line":79,"column":100}},"27":{"start":{"line":80,"column":32},"end":{"line":80,"column":55}},"28":{"start":{"line":81,"column":10},"end":{"line":81,"column":47}},"29":{"start":{"line":82,"column":10},"end":{"line":85,"column":109}},"30":{"start":{"line":85,"column":20},"end":{"line":85,"column":107}},"31":{"start":{"line":85,"column":81},"end":{"line":85,"column":106}},"32":{"start":{"line":88,"column":10},"end":{"line":88,"column":27}},"33":{"start":{"line":94,"column":4},"end":{"line":105,"column":5}}},"fnMap":{"0":{"name":"(anonymous_0)","decl":{"start":{"line":6,"column":2},"end":{"line":6,"column":3}},"loc":{"start":{"line":6,"column":21},"end":{"line":18,"column":3}},"line":6},"1":{"name":"(anonymous_1)","decl":{"start":{"line":20,"column":2},"end":{"line":20,"column":3}},"loc":{"start":{"line":20,"column":22},"end":{"line":22,"column":3}},"line":20},"2":{"name":"(anonymous_2)","decl":{"start":{"line":24,"column":2},"end":{"line":24,"column":3}},"loc":{"start":{"line":24,"column":26},"end":{"line":37,"column":3}},"line":24},"3":{"name":"(anonymous_3)","decl":{"start":{"line":26,"column":12},"end":{"line":26,"column":13}},"loc":{"start":{"line":26,"column":24},"end":{"line":28,"column":7}},"line":26},"4":{"name":"(anonymous_4)","decl":{"start":{"line":29,"column":12},"end":{"line":29,"column":13}},"loc":{"start":{"line":29,"column":28},"end":{"line":33,"column":7}},"line":29},"5":{"name":"(anonymous_5)","decl":{"start":{"line":34,"column":13},"end":{"line":34,"column":14}},"loc":{"start":{"line":34,"column":20},"end":{"line":36,"column":7}},"line":34},"6":{"name":"(anonymous_6)","decl":{"start":{"line":39,"column":2},"end":{"line":39,"column":3}},"loc":{"start":{"line":39,"column":37},"end":{"line":45,"column":3}},"line":39},"7":{"name":"(anonymous_7)","decl":{"start":{"line":47,"column":2},"end":{"line":47,"column":3}},"loc":{"start":{"line":47,"column":40},"end":{"line":58,"column":3}},"line":47},"8":{"name":"(anonymous_8)","decl":{"start":{"line":60,"column":2},"end":{"line":60,"column":3}},"loc":{"start":{"line":60,"column":29},"end":{"line":91,"column":3}},"line":60},"9":{"name":"(anonymous_9)","decl":{"start":{"line":75,"column":14},"end":{"line":75,"column":15}},"loc":{"start":{"line":75,"column":26},"end":{"line":77,"column":9}},"line":75},"10":{"name":"(anonymous_10)","decl":{"start":{"line":78,"column":14},"end":{"line":78,"column":15}},"loc":{"start":{"line":78,"column":30},"end":{"line":86,"column":9}},"line":78},"11":{"name":"(anonymous_11)","decl":{"start":{"line":79,"column":49},"end":{"line":79,"column":50}},"loc":{"start":{"line":79,"column":59},"end":{"line":79,"column":100}},"line":79},"12":{"name":"(anonymous_12)","decl":{"start":{"line":85,"column":12},"end":{"line":85,"column":13}},"loc":{"start":{"line":85,"column":18},"end":{"line":85,"column":108}},"line":85},"13":{"name":"(anonymous_13)","decl":{"start":{"line":87,"column":15},"end":{"line":87,"column":16}},"loc":{"start":{"line":87,"column":22},"end":{"line":89,"column":9}},"line":87},"14":{"name":"(anonymous_14)","decl":{"start":{"line":93,"column":2},"end":{"line":93,"column":3}},"loc":{"start":{"line":93,"column":11},"end":{"line":106,"column":3}},"line":93}},"branchMap":{"0":{"loc":{"start":{"line":51,"column":4},"end":{"line":57,"column":5}},"type":"if","locations":[{"start":{"line":51,"column":4},"end":{"line":57,"column":5}},{"start":{"line":51,"column":4},"end":{"line":57,"column":5}}],"line":51},"1":{"loc":{"start":{"line":51,"column":7},"end":{"line":51,"column":99}},"type":"binary-expr","locations":[{"start":{"line":51,"column":7},"end":{"line":51,"column":53}},{"start":{"line":51,"column":57},"end":{"line":51,"column":99}}],"line":51},"2":{"loc":{"start":{"line":62,"column":4},"end":{"line":90,"column":5}},"type":"if","locations":[{"start":{"line":62,"column":4},"end":{"line":90,"column":5}},{"start":{"line":62,"column":4},"end":{"line":90,"column":5}}],"line":62},"3":{"loc":{"start":{"line":62,"column":8},"end":{"line":62,"column":90}},"type":"binary-expr","locations":[{"start":{"line":62,"column":8},"end":{"line":62,"column":48}},{"start":{"line":62,"column":52},"end":{"line":62,"column":90}}],"line":62},"4":{"loc":{"start":{"line":85,"column":20},"end":{"line":85,"column":107}},"type":"if","locations":[{"start":{"line":85,"column":20},"end":{"line":85,"column":107}},{"start":{"line":85,"column":20},"end":{"line":85,"column":107}}],"line":85}},"s":{"0":4,"1":4,"2":4,"3":4,"4":4,"5":5,"6":4,"7":0,"8":0,"9":0,"10":3,"11":3,"12":3,"13":3,"14":3,"15":1,"16":1,"17":1,"18":1,"19":1,"20":0,"21":0,"22":0,"23":0,"24":0,"25":0,"26":0,"27":0,"28":0,"29":0,"30":0,"31":0,"32":0,"33":6},"f":{"0":4,"1":5,"2":4,"3":0,"4":0,"5":0,"6":3,"7":1,"8":0,"9":0,"10":0,"11":0,"12":0,"13":0,"14":6},"b":{"0":[1,0],"1":[1,0],"2":[0,0],"3":[0,0],"4":[0,0]},"_coverageSchema":"1a1c01bbd47fc00a2c39e90264f33305004495a9","hash":"b0e01e3b56e8ef385d8c976eecfb6eeeb114edb9"}
,"/Users/trevorbell/Desktop/reservation-form/client/src/components/CheckinDateCal.jsx": {"path":"/Users/trevorbell/Desktop/reservation-form/client/src/components/CheckinDateCal.jsx","statementMap":{"0":{"start":{"line":9,"column":4},"end":{"line":9,"column":16}},"1":{"start":{"line":11,"column":4},"end":{"line":13,"column":5}},"2":{"start":{"line":15,"column":4},"end":{"line":15,"column":59}},"3":{"start":{"line":16,"column":4},"end":{"line":16,"column":65}},"4":{"start":{"line":21,"column":4},"end":{"line":23,"column":5}},"5":{"start":{"line":22,"column":6},"end":{"line":22,"column":77}},"6":{"start":{"line":24,"column":4},"end":{"line":28,"column":5}},"7":{"start":{"line":25,"column":6},"end":{"line":27,"column":8}},"8":{"start":{"line":33,"column":12},"end":{"line":33,"column":13}},"9":{"start":{"line":34,"column":4},"end":{"line":48,"column":5}},"10":{"start":{"line":35,"column":17},"end":{"line":35,"column":27}},"11":{"start":{"line":36,"column":18},"end":{"line":36,"column":29}},"12":{"start":{"line":37,"column":17},"end":{"line":37,"column":27}},"13":{"start":{"line":38,"column":25},"end":{"line":38,"column":48}},"14":{"start":{"line":39,"column":6},"end":{"line":46,"column":7}},"15":{"start":{"line":40,"column":8},"end":{"line":45,"column":9}},"16":{"start":{"line":41,"column":10},"end":{"line":44,"column":11}},"17":{"start":{"line":42,"column":12},"end":{"line":42,"column":15}},"18":{"start":{"line":43,"column":12},"end":{"line":43,"column":24}},"19":{"start":{"line":47,"column":6},"end":{"line":47,"column":19}},"20":{"start":{"line":53,"column":23},"end":{"line":53,"column":104}},"21":{"start":{"line":53,"column":62},"end":{"line":53,"column":103}},"22":{"start":{"line":54,"column":25},"end":{"line":54,"column":27}},"23":{"start":{"line":55,"column":6},"end":{"line":66,"column":8}},"24":{"start":{"line":56,"column":23},"end":{"line":56,"column":96}},"25":{"start":{"line":57,"column":23},"end":{"line":57,"column":66}},"26":{"start":{"line":58,"column":16},"end":{"line":58,"column":17}},"27":{"start":{"line":59,"column":26},"end":{"line":59,"column":55}},"28":{"start":{"line":60,"column":8},"end":{"line":60,"column":49}},"29":{"start":{"line":61,"column":8},"end":{"line":65,"column":9}},"30":{"start":{"line":62,"column":25},"end":{"line":62,"column":71}},"31":{"start":{"line":63,"column":10},"end":{"line":63,"column":48}},"32":{"start":{"line":64,"column":10},"end":{"line":64,"column":13}},"33":{"start":{"line":67,"column":4},"end":{"line":67,"column":24}},"34":{"start":{"line":71,"column":12},"end":{"line":71,"column":13}},"35":{"start":{"line":72,"column":4},"end":{"line":87,"column":5}},"36":{"start":{"line":79,"column":53},"end":{"line":79,"column":90}},"37":{"start":{"line":81,"column":41},"end":{"line":81,"column":72}}},"fnMap":{"0":{"name":"(anonymous_0)","decl":{"start":{"line":8,"column":2},"end":{"line":8,"column":3}},"loc":{"start":{"line":8,"column":21},"end":{"line":17,"column":3}},"line":8},"1":{"name":"(anonymous_1)","decl":{"start":{"line":20,"column":2},"end":{"line":20,"column":3}},"loc":{"start":{"line":20,"column":23},"end":{"line":29,"column":3}},"line":20},"2":{"name":"(anonymous_2)","decl":{"start":{"line":32,"column":2},"end":{"line":32,"column":3}},"loc":{"start":{"line":32,"column":23},"end":{"line":49,"column":3}},"line":32},"3":{"name":"(anonymous_3)","decl":{"start":{"line":34,"column":11},"end":{"line":34,"column":12}},"loc":{"start":{"line":34,"column":20},"end":{"line":48,"column":5}},"line":34},"4":{"name":"(anonymous_4)","decl":{"start":{"line":52,"column":2},"end":{"line":52,"column":3}},"loc":{"start":{"line":52,"column":20},"end":{"line":68,"column":3}},"line":52},"5":{"name":"(anonymous_5)","decl":{"start":{"line":53,"column":52},"end":{"line":53,"column":53}},"loc":{"start":{"line":53,"column":62},"end":{"line":53,"column":103}},"line":53},"6":{"name":"(anonymous_6)","decl":{"start":{"line":55,"column":27},"end":{"line":55,"column":28}},"loc":{"start":{"line":55,"column":42},"end":{"line":66,"column":7}},"line":55},"7":{"name":"(anonymous_7)","decl":{"start":{"line":70,"column":2},"end":{"line":70,"column":3}},"loc":{"start":{"line":70,"column":11},"end":{"line":88,"column":3}},"line":70},"8":{"name":"(anonymous_8)","decl":{"start":{"line":79,"column":25},"end":{"line":79,"column":26}},"loc":{"start":{"line":79,"column":53},"end":{"line":79,"column":90}},"line":79},"9":{"name":"(anonymous_9)","decl":{"start":{"line":81,"column":25},"end":{"line":81,"column":26}},"loc":{"start":{"line":81,"column":41},"end":{"line":81,"column":72}},"line":81}},"branchMap":{"0":{"loc":{"start":{"line":21,"column":4},"end":{"line":23,"column":5}},"type":"if","locations":[{"start":{"line":21,"column":4},"end":{"line":23,"column":5}},{"start":{"line":21,"column":4},"end":{"line":23,"column":5}}],"line":21},"1":{"loc":{"start":{"line":24,"column":4},"end":{"line":28,"column":5}},"type":"if","locations":[{"start":{"line":24,"column":4},"end":{"line":28,"column":5}},{"start":{"line":24,"column":4},"end":{"line":28,"column":5}}],"line":24},"2":{"loc":{"start":{"line":39,"column":6},"end":{"line":46,"column":7}},"type":"if","locations":[{"start":{"line":39,"column":6},"end":{"line":46,"column":7}},{"start":{"line":39,"column":6},"end":{"line":46,"column":7}}],"line":39},"3":{"loc":{"start":{"line":40,"column":8},"end":{"line":45,"column":9}},"type":"if","locations":[{"start":{"line":40,"column":8},"end":{"line":45,"column":9}},{"start":{"line":40,"column":8},"end":{"line":45,"column":9}}],"line":40},"4":{"loc":{"start":{"line":41,"column":10},"end":{"line":44,"column":11}},"type":"if","locations":[{"start":{"line":41,"column":10},"end":{"line":44,"column":11}},{"start":{"line":41,"column":10},"end":{"line":44,"column":11}}],"line":41}},"s":{"0":7,"1":7,"2":7,"3":7,"4":4,"5":2,"6":4,"7":1,"8":14,"9":14,"10":3,"11":3,"12":3,"13":3,"14":3,"15":2,"16":2,"17":2,"18":2,"19":1,"20":5,"21":11,"22":5,"23":5,"24":15,"25":15,"26":15,"27":15,"28":15,"29":15,"30":30,"31":30,"32":30,"33":5,"34":11,"35":11,"36":0,"37":0},"f":{"0":7,"1":4,"2":14,"3":3,"4":5,"5":11,"6":15,"7":11,"8":0,"9":0},"b":{"0":[2,2],"1":[1,3],"2":[2,1],"3":[2,0],"4":[2,0]},"_coverageSchema":"1a1c01bbd47fc00a2c39e90264f33305004495a9","hash":"62b8c5da3d98c307523d291cbe31c343ee769149"}
,"/Users/trevorbell/Desktop/reservation-form/client/src/components/GuestsSelector.jsx": {"path":"/Users/trevorbell/Desktop/reservation-form/client/src/components/GuestsSelector.jsx","statementMap":{"0":{"start":{"line":6,"column":4},"end":{"line":6,"column":16}},"1":{"start":{"line":8,"column":4},"end":{"line":13,"column":5}},"2":{"start":{"line":14,"column":4},"end":{"line":14,"column":59}},"3":{"start":{"line":15,"column":4},"end":{"line":15,"column":59}},"4":{"start":{"line":16,"column":4},"end":{"line":16,"column":59}},"5":{"start":{"line":20,"column":14},"end":{"line":20,"column":29}},"6":{"start":{"line":21,"column":31},"end":{"line":21,"column":50}},"7":{"start":{"line":22,"column":4},"end":{"line":22,"column":38}},"8":{"start":{"line":23,"column":4},"end":{"line":25,"column":6}},"9":{"start":{"line":29,"column":14},"end":{"line":29,"column":29}},"10":{"start":{"line":30,"column":31},"end":{"line":30,"column":50}},"11":{"start":{"line":31,"column":4},"end":{"line":31,"column":38}},"12":{"start":{"line":32,"column":4},"end":{"line":34,"column":6}},"13":{"start":{"line":38,"column":4},"end":{"line":38,"column":26}},"14":{"start":{"line":39,"column":4},"end":{"line":41,"column":6}},"15":{"start":{"line":47,"column":22},"end":{"line":47,"column":24}},"16":{"start":{"line":48,"column":4},"end":{"line":50,"column":5}},"17":{"start":{"line":49,"column":6},"end":{"line":49,"column":69}},"18":{"start":{"line":51,"column":19},"end":{"line":51,"column":23}},"19":{"start":{"line":52,"column":4},"end":{"line":64,"column":5}},"20":{"start":{"line":53,"column":6},"end":{"line":63,"column":7}},"21":{"start":{"line":65,"column":4},"end":{"line":76,"column":5}}},"fnMap":{"0":{"name":"(anonymous_0)","decl":{"start":{"line":5,"column":2},"end":{"line":5,"column":3}},"loc":{"start":{"line":5,"column":21},"end":{"line":17,"column":3}},"line":5},"1":{"name":"(anonymous_1)","decl":{"start":{"line":19,"column":2},"end":{"line":19,"column":3}},"loc":{"start":{"line":19,"column":25},"end":{"line":26,"column":3}},"line":19},"2":{"name":"(anonymous_2)","decl":{"start":{"line":28,"column":2},"end":{"line":28,"column":3}},"loc":{"start":{"line":28,"column":25},"end":{"line":35,"column":3}},"line":28},"3":{"name":"(anonymous_3)","decl":{"start":{"line":37,"column":2},"end":{"line":37,"column":3}},"loc":{"start":{"line":37,"column":20},"end":{"line":42,"column":3}},"line":37},"4":{"name":"(anonymous_4)","decl":{"start":{"line":46,"column":2},"end":{"line":46,"column":3}},"loc":{"start":{"line":46,"column":11},"end":{"line":77,"column":3}},"line":46}},"branchMap":{"0":{"loc":{"start":{"line":48,"column":4},"end":{"line":50,"column":5}},"type":"if","locations":[{"start":{"line":48,"column":4},"end":{"line":50,"column":5}},{"start":{"line":48,"column":4},"end":{"line":50,"column":5}}],"line":48},"1":{"loc":{"start":{"line":52,"column":4},"end":{"line":64,"column":5}},"type":"if","locations":[{"start":{"line":52,"column":4},"end":{"line":64,"column":5}},{"start":{"line":52,"column":4},"end":{"line":64,"column":5}}],"line":52}},"s":{"0":1,"1":1,"2":1,"3":1,"4":1,"5":0,"6":0,"7":0,"8":0,"9":0,"10":0,"11":0,"12":0,"13":0,"14":0,"15":1,"16":1,"17":0,"18":1,"19":1,"20":0,"21":1},"f":{"0":1,"1":0,"2":0,"3":0,"4":1},"b":{"0":[0,1],"1":[0,1]},"_coverageSchema":"1a1c01bbd47fc00a2c39e90264f33305004495a9","hash":"5d0b047d455fc4f3c351c1131141b079d77091be"}
,"/Users/trevorbell/Desktop/reservation-form/client/src/components/PaymentCalculator.jsx": {"path":"/Users/trevorbell/Desktop/reservation-form/client/src/components/PaymentCalculator.jsx","statementMap":{"0":{"start":{"line":4,"column":26},"end":{"line":21,"column":1}},"1":{"start":{"line":5,"column":2},"end":{"line":20,"column":3}}},"fnMap":{"0":{"name":"(anonymous_0)","decl":{"start":{"line":4,"column":26},"end":{"line":4,"column":27}},"loc":{"start":{"line":4,"column":37},"end":{"line":21,"column":1}},"line":4}},"branchMap":{},"s":{"0":3,"1":1},"f":{"0":1},"b":{},"_coverageSchema":"1a1c01bbd47fc00a2c39e90264f33305004495a9","hash":"91bb3c5c4361deaec531612fa19ef215ac6a35b5"}
,"/Users/trevorbell/Desktop/reservation-form/client/src/components/ReservationDateSelector.jsx": {"path":"/Users/trevorbell/Desktop/reservation-form/client/src/components/ReservationDateSelector.jsx","statementMap":{"0":{"start":{"line":4,"column":32},"end":{"line":13,"column":1}},"1":{"start":{"line":5,"column":2},"end":{"line":12,"column":3}}},"fnMap":{"0":{"name":"(anonymous_0)","decl":{"start":{"line":4,"column":32},"end":{"line":4,"column":33}},"loc":{"start":{"line":4,"column":43},"end":{"line":13,"column":1}},"line":4}},"branchMap":{},"s":{"0":3,"1":1},"f":{"0":1},"b":{},"_coverageSchema":"1a1c01bbd47fc00a2c39e90264f33305004495a9","hash":"9c804a0225a92dc3dc00b09a0dac78dd956fd5aa"}
,"/Users/trevorbell/Desktop/reservation-form/client/src/components/ReservationForm.jsx": {"path":"/Users/trevorbell/Desktop/reservation-form/client/src/components/ReservationForm.jsx","statementMap":{"0":{"start":{"line":10,"column":4},"end":{"line":10,"column":16}},"1":{"start":{"line":12,"column":4},"end":{"line":13,"column":5}},"2":{"start":{"line":17,"column":35},"end":{"line":17,"column":39}},"3":{"start":{"line":18,"column":33},"end":{"line":18,"column":50}},"4":{"start":{"line":19,"column":4},"end":{"line":30,"column":5}},"5":{"start":{"line":20,"column":6},"end":{"line":28,"column":7}},"6":{"start":{"line":29,"column":6},"end":{"line":29,"column":62}},"7":{"start":{"line":31,"column":4},"end":{"line":49,"column":5}}},"fnMap":{"0":{"name":"(anonymous_0)","decl":{"start":{"line":9,"column":2},"end":{"line":9,"column":3}},"loc":{"start":{"line":9,"column":21},"end":{"line":14,"column":3}},"line":9},"1":{"name":"(anonymous_1)","decl":{"start":{"line":16,"column":2},"end":{"line":16,"column":3}},"loc":{"start":{"line":16,"column":11},"end":{"line":50,"column":3}},"line":16}},"branchMap":{"0":{"loc":{"start":{"line":19,"column":4},"end":{"line":30,"column":5}},"type":"if","locations":[{"start":{"line":19,"column":4},"end":{"line":30,"column":5}},{"start":{"line":19,"column":4},"end":{"line":30,"column":5}}],"line":19}},"s":{"0":3,"1":3,"2":3,"3":3,"4":3,"5":1,"6":1,"7":3},"f":{"0":3,"1":3},"b":{"0":[1,2]},"_coverageSchema":"1a1c01bbd47fc00a2c39e90264f33305004495a9","hash":"f4700da5e3e93ba7b2167f5706c30770ba0502eb"}
,"/Users/trevorbell/Desktop/reservation-form/client/src/components/ReservationHeader.jsx": {"path":"/Users/trevorbell/Desktop/reservation-form/client/src/components/ReservationHeader.jsx","statementMap":{"0":{"start":{"line":3,"column":26},"end":{"line":17,"column":1}},"1":{"start":{"line":4,"column":2},"end":{"line":16,"column":3}}},"fnMap":{"0":{"name":"(anonymous_0)","decl":{"start":{"line":3,"column":26},"end":{"line":3,"column":27}},"loc":{"start":{"line":3,"column":37},"end":{"line":17,"column":1}},"line":3}},"branchMap":{},"s":{"0":3,"1":1},"f":{"0":1},"b":{},"_coverageSchema":"1a1c01bbd47fc00a2c39e90264f33305004495a9","hash":"bb2ce0815dbdfe3da0ee1bae4309a658f00124e5"}
,"/Users/trevorbell/Desktop/reservation-form/client/src/components/ReserveButton.jsx": {"path":"/Users/trevorbell/Desktop/reservation-form/client/src/components/ReserveButton.jsx","statementMap":{"0":{"start":{"line":3,"column":22},"end":{"line":12,"column":1}},"1":{"start":{"line":4,"column":2},"end":{"line":11,"column":3}}},"fnMap":{"0":{"name":"(anonymous_0)","decl":{"start":{"line":3,"column":22},"end":{"line":3,"column":23}},"loc":{"start":{"line":3,"column":33},"end":{"line":12,"column":1}},"line":3}},"branchMap":{},"s":{"0":3,"1":2},"f":{"0":2},"b":{},"_coverageSchema":"1a1c01bbd47fc00a2c39e90264f33305004495a9","hash":"b7d8091bae4b99dc29e8266e7d1ba4fa82e3b493"}
,"/Users/trevorbell/Desktop/reservation-form/client/src/components/SelectionDropDown.jsx": {"path":"/Users/trevorbell/Desktop/reservation-form/client/src/components/SelectionDropDown.jsx","statementMap":{"0":{"start":{"line":5,"column":4},"end":{"line":5,"column":16}},"1":{"start":{"line":7,"column":4},"end":{"line":9,"column":5}},"2":{"start":{"line":14,"column":21},"end":{"line":14,"column":27}},"3":{"start":{"line":15,"column":4},"end":{"line":18,"column":5}},"4":{"start":{"line":16,"column":6},"end":{"line":16,"column":31}},"5":{"start":{"line":17,"column":6},"end":{"line":17,"column":32}},"6":{"start":{"line":19,"column":22},"end":{"line":19,"column":29}},"7":{"start":{"line":20,"column":4},"end":{"line":22,"column":5}},"8":{"start":{"line":21,"column":6},"end":{"line":21,"column":33}},"9":{"start":{"line":23,"column":23},"end":{"line":23,"column":29}},"10":{"start":{"line":24,"column":4},"end":{"line":26,"column":5}},"11":{"start":{"line":25,"column":6},"end":{"line":25,"column":33}},"12":{"start":{"line":27,"column":24},"end":{"line":27,"column":31}},"13":{"start":{"line":28,"column":4},"end":{"line":30,"column":5}},"14":{"start":{"line":29,"column":6},"end":{"line":29,"column":35}},"15":{"start":{"line":31,"column":22},"end":{"line":31,"column":28}},"16":{"start":{"line":32,"column":4},"end":{"line":34,"column":5}},"17":{"start":{"line":33,"column":6},"end":{"line":33,"column":32}},"18":{"start":{"line":35,"column":23},"end":{"line":35,"column":30}},"19":{"start":{"line":36,"column":4},"end":{"line":38,"column":5}},"20":{"start":{"line":37,"column":6},"end":{"line":37,"column":34}},"21":{"start":{"line":39,"column":4},"end":{"line":84,"column":5}}},"fnMap":{"0":{"name":"(anonymous_0)","decl":{"start":{"line":4,"column":2},"end":{"line":4,"column":3}},"loc":{"start":{"line":4,"column":21},"end":{"line":10,"column":3}},"line":4},"1":{"name":"(anonymous_1)","decl":{"start":{"line":13,"column":2},"end":{"line":13,"column":3}},"loc":{"start":{"line":13,"column":11},"end":{"line":85,"column":3}},"line":13}},"branchMap":{"0":{"loc":{"start":{"line":15,"column":4},"end":{"line":18,"column":5}},"type":"if","locations":[{"start":{"line":15,"column":4},"end":{"line":18,"column":5}},{"start":{"line":15,"column":4},"end":{"line":18,"column":5}}],"line":15},"1":{"loc":{"start":{"line":20,"column":4},"end":{"line":22,"column":5}},"type":"if","locations":[{"start":{"line":20,"column":4},"end":{"line":22,"column":5}},{"start":{"line":20,"column":4},"end":{"line":22,"column":5}}],"line":20},"2":{"loc":{"start":{"line":24,"column":4},"end":{"line":26,"column":5}},"type":"if","locations":[{"start":{"line":24,"column":4},"end":{"line":26,"column":5}},{"start":{"line":24,"column":4},"end":{"line":26,"column":5}}],"line":24},"3":{"loc":{"start":{"line":28,"column":4},"end":{"line":30,"column":5}},"type":"if","locations":[{"start":{"line":28,"column":4},"end":{"line":30,"column":5}},{"start":{"line":28,"column":4},"end":{"line":30,"column":5}}],"line":28},"4":{"loc":{"start":{"line":32,"column":4},"end":{"line":34,"column":5}},"type":"if","locations":[{"start":{"line":32,"column":4},"end":{"line":34,"column":5}},{"start":{"line":32,"column":4},"end":{"line":34,"column":5}}],"line":32},"5":{"loc":{"start":{"line":36,"column":4},"end":{"line":38,"column":5}},"type":"if","locations":[{"start":{"line":36,"column":4},"end":{"line":38,"column":5}},{"start":{"line":36,"column":4},"end":{"line":38,"column":5}}],"line":36}},"s":{"0":8,"1":8,"2":8,"3":8,"4":3,"5":3,"6":8,"7":8,"8":3,"9":8,"10":8,"11":3,"12":8,"13":8,"14":3,"15":8,"16":8,"17":1,"18":8,"19":8,"20":4,"21":8},"f":{"0":8,"1":8},"b":{"0":[3,5],"1":[3,5],"2":[3,5],"3":[3,5],"4":[1,7],"5":[4,4]},"_coverageSchema":"1a1c01bbd47fc00a2c39e90264f33305004495a9","hash":"7cc32167a1174559643c9d5ae8d7fc2d997f63e3"}
}
