{"/Users/trevorbell/Desktop/reservation-form/client/src/components/App.jsx": {"path":"/Users/trevorbell/Desktop/reservation-form/client/src/components/App.jsx","statementMap":{"0":{"start":{"line":7,"column":4},"end":{"line":7,"column":16}},"1":{"start":{"line":9,"column":4},"end":{"line":11,"column":5}},"2":{"start":{"line":12,"column":4},"end":{"line":12,"column":51}},"3":{"start":{"line":13,"column":4},"end":{"line":13,"column":63}},"4":{"start":{"line":14,"column":4},"end":{"line":14,"column":66}},"5":{"start":{"line":18,"column":4},"end":{"line":18,"column":24}},"6":{"start":{"line":22,"column":4},"end":{"line":33,"column":8}},"7":{"start":{"line":24,"column":8},"end":{"line":24,"column":31}},"8":{"start":{"line":27,"column":8},"end":{"line":29,"column":10}},"9":{"start":{"line":32,"column":8},"end":{"line":32,"column":25}},"10":{"start":{"line":37,"column":21},"end":{"line":37,"column":23}},"11":{"start":{"line":38,"column":4},"end":{"line":38,"column":34}},"12":{"start":{"line":39,"column":4},"end":{"line":39,"column":47}},"13":{"start":{"line":40,"column":4},"end":{"line":40,"column":32}},"14":{"start":{"line":41,"column":4},"end":{"line":41,"column":21}},"15":{"start":{"line":45,"column":26},"end":{"line":45,"column":106}},"16":{"start":{"line":46,"column":24},"end":{"line":46,"column":98}},"17":{"start":{"line":47,"column":4},"end":{"line":52,"column":5}},"18":{"start":{"line":48,"column":6},"end":{"line":51,"column":8}},"19":{"start":{"line":56,"column":4},"end":{"line":56,"column":24}},"20":{"start":{"line":57,"column":4},"end":{"line":85,"column":5}},"21":{"start":{"line":58,"column":20},"end":{"line":68,"column":7}},"22":{"start":{"line":69,"column":6},"end":{"line":84,"column":10}},"23":{"start":{"line":71,"column":10},"end":{"line":71,"column":33}},"24":{"start":{"line":74,"column":23},"end":{"line":74,"column":101}},"25":{"start":{"line":74,"column":59},"end":{"line":74,"column":100}},"26":{"start":{"line":75,"column":32},"end":{"line":75,"column":55}},"27":{"start":{"line":76,"column":10},"end":{"line":76,"column":47}},"28":{"start":{"line":77,"column":10},"end":{"line":80,"column":109}},"29":{"start":{"line":80,"column":20},"end":{"line":80,"column":107}},"30":{"start":{"line":80,"column":81},"end":{"line":80,"column":106}},"31":{"start":{"line":83,"column":10},"end":{"line":83,"column":27}},"32":{"start":{"line":89,"column":4},"end":{"line":94,"column":5}}},"fnMap":{"0":{"name":"(anonymous_0)","decl":{"start":{"line":6,"column":2},"end":{"line":6,"column":3}},"loc":{"start":{"line":6,"column":21},"end":{"line":15,"column":3}},"line":6},"1":{"name":"(anonymous_1)","decl":{"start":{"line":17,"column":2},"end":{"line":17,"column":3}},"loc":{"start":{"line":17,"column":22},"end":{"line":19,"column":3}},"line":17},"2":{"name":"(anonymous_2)","decl":{"start":{"line":21,"column":2},"end":{"line":21,"column":3}},"loc":{"start":{"line":21,"column":26},"end":{"line":34,"column":3}},"line":21},"3":{"name":"(anonymous_3)","decl":{"start":{"line":23,"column":12},"end":{"line":23,"column":13}},"loc":{"start":{"line":23,"column":24},"end":{"line":25,"column":7}},"line":23},"4":{"name":"(anonymous_4)","decl":{"start":{"line":26,"column":12},"end":{"line":26,"column":13}},"loc":{"start":{"line":26,"column":28},"end":{"line":30,"column":7}},"line":26},"5":{"name":"(anonymous_5)","decl":{"start":{"line":31,"column":13},"end":{"line":31,"column":14}},"loc":{"start":{"line":31,"column":20},"end":{"line":33,"column":7}},"line":31},"6":{"name":"(anonymous_6)","decl":{"start":{"line":36,"column":2},"end":{"line":36,"column":3}},"loc":{"start":{"line":36,"column":37},"end":{"line":42,"column":3}},"line":36},"7":{"name":"(anonymous_7)","decl":{"start":{"line":44,"column":2},"end":{"line":44,"column":3}},"loc":{"start":{"line":44,"column":40},"end":{"line":53,"column":3}},"line":44},"8":{"name":"(anonymous_8)","decl":{"start":{"line":55,"column":2},"end":{"line":55,"column":3}},"loc":{"start":{"line":55,"column":29},"end":{"line":86,"column":3}},"line":55},"9":{"name":"(anonymous_9)","decl":{"start":{"line":70,"column":14},"end":{"line":70,"column":15}},"loc":{"start":{"line":70,"column":26},"end":{"line":72,"column":9}},"line":70},"10":{"name":"(anonymous_10)","decl":{"start":{"line":73,"column":14},"end":{"line":73,"column":15}},"loc":{"start":{"line":73,"column":30},"end":{"line":81,"column":9}},"line":73},"11":{"name":"(anonymous_11)","decl":{"start":{"line":74,"column":49},"end":{"line":74,"column":50}},"loc":{"start":{"line":74,"column":59},"end":{"line":74,"column":100}},"line":74},"12":{"name":"(anonymous_12)","decl":{"start":{"line":80,"column":12},"end":{"line":80,"column":13}},"loc":{"start":{"line":80,"column":18},"end":{"line":80,"column":108}},"line":80},"13":{"name":"(anonymous_13)","decl":{"start":{"line":82,"column":15},"end":{"line":82,"column":16}},"loc":{"start":{"line":82,"column":22},"end":{"line":84,"column":9}},"line":82},"14":{"name":"(anonymous_14)","decl":{"start":{"line":88,"column":2},"end":{"line":88,"column":3}},"loc":{"start":{"line":88,"column":11},"end":{"line":95,"column":3}},"line":88}},"branchMap":{"0":{"loc":{"start":{"line":47,"column":4},"end":{"line":52,"column":5}},"type":"if","locations":[{"start":{"line":47,"column":4},"end":{"line":52,"column":5}},{"start":{"line":47,"column":4},"end":{"line":52,"column":5}}],"line":47},"1":{"loc":{"start":{"line":47,"column":7},"end":{"line":47,"column":99}},"type":"binary-expr","locations":[{"start":{"line":47,"column":7},"end":{"line":47,"column":53}},{"start":{"line":47,"column":57},"end":{"line":47,"column":99}}],"line":47},"2":{"loc":{"start":{"line":57,"column":4},"end":{"line":85,"column":5}},"type":"if","locations":[{"start":{"line":57,"column":4},"end":{"line":85,"column":5}},{"start":{"line":57,"column":4},"end":{"line":85,"column":5}}],"line":57},"3":{"loc":{"start":{"line":57,"column":8},"end":{"line":57,"column":90}},"type":"binary-expr","locations":[{"start":{"line":57,"column":8},"end":{"line":57,"column":48}},{"start":{"line":57,"column":52},"end":{"line":57,"column":90}}],"line":57},"4":{"loc":{"start":{"line":80,"column":20},"end":{"line":80,"column":107}},"type":"if","locations":[{"start":{"line":80,"column":20},"end":{"line":80,"column":107}},{"start":{"line":80,"column":20},"end":{"line":80,"column":107}}],"line":80}},"s":{"0":4,"1":4,"2":4,"3":4,"4":4,"5":5,"6":4,"7":0,"8":0,"9":0,"10":3,"11":3,"12":3,"13":3,"14":3,"15":1,"16":1,"17":1,"18":1,"19":0,"20":0,"21":0,"22":0,"23":0,"24":0,"25":0,"26":0,"27":0,"28":0,"29":0,"30":0,"31":0,"32":6},"f":{"0":4,"1":5,"2":4,"3":0,"4":0,"5":0,"6":3,"7":1,"8":0,"9":0,"10":0,"11":0,"12":0,"13":0,"14":6},"b":{"0":[1,0],"1":[1,0],"2":[0,0],"3":[0,0],"4":[0,0]},"_coverageSchema":"1a1c01bbd47fc00a2c39e90264f33305004495a9","hash":"42dcc198c088ebebd7e9c068b3184803d513fcae"}
,"/Users/trevorbell/Desktop/reservation-form/client/src/components/CheckinDateCal.jsx": {"path":"/Users/trevorbell/Desktop/reservation-form/client/src/components/CheckinDateCal.jsx","statementMap":{"0":{"start":{"line":9,"column":4},"end":{"line":9,"column":16}},"1":{"start":{"line":11,"column":4},"end":{"line":13,"column":5}},"2":{"start":{"line":15,"column":4},"end":{"line":15,"column":59}},"3":{"start":{"line":16,"column":4},"end":{"line":16,"column":65}},"4":{"start":{"line":21,"column":4},"end":{"line":23,"column":5}},"5":{"start":{"line":22,"column":6},"end":{"line":22,"column":77}},"6":{"start":{"line":24,"column":4},"end":{"line":28,"column":5}},"7":{"start":{"line":25,"column":6},"end":{"line":27,"column":8}},"8":{"start":{"line":33,"column":12},"end":{"line":33,"column":13}},"9":{"start":{"line":34,"column":4},"end":{"line":48,"column":5}},"10":{"start":{"line":35,"column":17},"end":{"line":35,"column":27}},"11":{"start":{"line":36,"column":18},"end":{"line":36,"column":29}},"12":{"start":{"line":37,"column":17},"end":{"line":37,"column":27}},"13":{"start":{"line":38,"column":25},"end":{"line":38,"column":48}},"14":{"start":{"line":39,"column":6},"end":{"line":46,"column":7}},"15":{"start":{"line":40,"column":8},"end":{"line":45,"column":9}},"16":{"start":{"line":41,"column":10},"end":{"line":44,"column":11}},"17":{"start":{"line":42,"column":12},"end":{"line":42,"column":15}},"18":{"start":{"line":43,"column":12},"end":{"line":43,"column":24}},"19":{"start":{"line":47,"column":6},"end":{"line":47,"column":19}},"20":{"start":{"line":53,"column":23},"end":{"line":53,"column":104}},"21":{"start":{"line":53,"column":62},"end":{"line":53,"column":103}},"22":{"start":{"line":54,"column":25},"end":{"line":54,"column":27}},"23":{"start":{"line":55,"column":6},"end":{"line":66,"column":8}},"24":{"start":{"line":56,"column":23},"end":{"line":56,"column":96}},"25":{"start":{"line":57,"column":23},"end":{"line":57,"column":66}},"26":{"start":{"line":58,"column":16},"end":{"line":58,"column":17}},"27":{"start":{"line":59,"column":26},"end":{"line":59,"column":55}},"28":{"start":{"line":60,"column":8},"end":{"line":60,"column":49}},"29":{"start":{"line":61,"column":8},"end":{"line":65,"column":9}},"30":{"start":{"line":62,"column":25},"end":{"line":62,"column":71}},"31":{"start":{"line":63,"column":10},"end":{"line":63,"column":48}},"32":{"start":{"line":64,"column":10},"end":{"line":64,"column":13}},"33":{"start":{"line":67,"column":4},"end":{"line":67,"column":24}},"34":{"start":{"line":71,"column":12},"end":{"line":71,"column":13}},"35":{"start":{"line":72,"column":4},"end":{"line":87,"column":5}},"36":{"start":{"line":79,"column":53},"end":{"line":79,"column":90}},"37":{"start":{"line":81,"column":41},"end":{"line":81,"column":72}}},"fnMap":{"0":{"name":"(anonymous_0)","decl":{"start":{"line":8,"column":2},"end":{"line":8,"column":3}},"loc":{"start":{"line":8,"column":21},"end":{"line":17,"column":3}},"line":8},"1":{"name":"(anonymous_1)","decl":{"start":{"line":20,"column":2},"end":{"line":20,"column":3}},"loc":{"start":{"line":20,"column":23},"end":{"line":29,"column":3}},"line":20},"2":{"name":"(anonymous_2)","decl":{"start":{"line":32,"column":2},"end":{"line":32,"column":3}},"loc":{"start":{"line":32,"column":23},"end":{"line":49,"column":3}},"line":32},"3":{"name":"(anonymous_3)","decl":{"start":{"line":34,"column":11},"end":{"line":34,"column":12}},"loc":{"start":{"line":34,"column":20},"end":{"line":48,"column":5}},"line":34},"4":{"name":"(anonymous_4)","decl":{"start":{"line":52,"column":2},"end":{"line":52,"column":3}},"loc":{"start":{"line":52,"column":20},"end":{"line":68,"column":3}},"line":52},"5":{"name":"(anonymous_5)","decl":{"start":{"line":53,"column":52},"end":{"line":53,"column":53}},"loc":{"start":{"line":53,"column":62},"end":{"line":53,"column":103}},"line":53},"6":{"name":"(anonymous_6)","decl":{"start":{"line":55,"column":27},"end":{"line":55,"column":28}},"loc":{"start":{"line":55,"column":42},"end":{"line":66,"column":7}},"line":55},"7":{"name":"(anonymous_7)","decl":{"start":{"line":70,"column":2},"end":{"line":70,"column":3}},"loc":{"start":{"line":70,"column":11},"end":{"line":88,"column":3}},"line":70},"8":{"name":"(anonymous_8)","decl":{"start":{"line":79,"column":25},"end":{"line":79,"column":26}},"loc":{"start":{"line":79,"column":53},"end":{"line":79,"column":90}},"line":79},"9":{"name":"(anonymous_9)","decl":{"start":{"line":81,"column":25},"end":{"line":81,"column":26}},"loc":{"start":{"line":81,"column":41},"end":{"line":81,"column":72}},"line":81}},"branchMap":{"0":{"loc":{"start":{"line":21,"column":4},"end":{"line":23,"column":5}},"type":"if","locations":[{"start":{"line":21,"column":4},"end":{"line":23,"column":5}},{"start":{"line":21,"column":4},"end":{"line":23,"column":5}}],"line":21},"1":{"loc":{"start":{"line":24,"column":4},"end":{"line":28,"column":5}},"type":"if","locations":[{"start":{"line":24,"column":4},"end":{"line":28,"column":5}},{"start":{"line":24,"column":4},"end":{"line":28,"column":5}}],"line":24},"2":{"loc":{"start":{"line":39,"column":6},"end":{"line":46,"column":7}},"type":"if","locations":[{"start":{"line":39,"column":6},"end":{"line":46,"column":7}},{"start":{"line":39,"column":6},"end":{"line":46,"column":7}}],"line":39},"3":{"loc":{"start":{"line":40,"column":8},"end":{"line":45,"column":9}},"type":"if","locations":[{"start":{"line":40,"column":8},"end":{"line":45,"column":9}},{"start":{"line":40,"column":8},"end":{"line":45,"column":9}}],"line":40},"4":{"loc":{"start":{"line":41,"column":10},"end":{"line":44,"column":11}},"type":"if","locations":[{"start":{"line":41,"column":10},"end":{"line":44,"column":11}},{"start":{"line":41,"column":10},"end":{"line":44,"column":11}}],"line":41}},"s":{"0":7,"1":7,"2":7,"3":7,"4":4,"5":2,"6":4,"7":1,"8":14,"9":14,"10":3,"11":3,"12":3,"13":3,"14":3,"15":2,"16":2,"17":2,"18":2,"19":1,"20":5,"21":11,"22":5,"23":5,"24":15,"25":15,"26":15,"27":15,"28":15,"29":15,"30":30,"31":30,"32":30,"33":5,"34":11,"35":11,"36":0,"37":0},"f":{"0":7,"1":4,"2":14,"3":3,"4":5,"5":11,"6":15,"7":11,"8":0,"9":0},"b":{"0":[2,2],"1":[1,3],"2":[2,1],"3":[2,0],"4":[2,0]},"_coverageSchema":"1a1c01bbd47fc00a2c39e90264f33305004495a9","hash":"62b8c5da3d98c307523d291cbe31c343ee769149"}
,"/Users/trevorbell/Desktop/reservation-form/client/src/components/GuestsSelector.jsx": {"path":"/Users/trevorbell/Desktop/reservation-form/client/src/components/GuestsSelector.jsx","statementMap":{"0":{"start":{"line":6,"column":4},"end":{"line":6,"column":16}},"1":{"start":{"line":8,"column":4},"end":{"line":12,"column":5}},"2":{"start":{"line":13,"column":4},"end":{"line":13,"column":59}},"3":{"start":{"line":14,"column":4},"end":{"line":14,"column":59}},"4":{"start":{"line":18,"column":4},"end":{"line":18,"column":29}},"5":{"start":{"line":22,"column":4},"end":{"line":22,"column":29}},"6":{"start":{"line":27,"column":4},"end":{"line":45,"column":5}}},"fnMap":{"0":{"name":"(anonymous_0)","decl":{"start":{"line":5,"column":2},"end":{"line":5,"column":3}},"loc":{"start":{"line":5,"column":21},"end":{"line":15,"column":3}},"line":5},"1":{"name":"(anonymous_1)","decl":{"start":{"line":17,"column":2},"end":{"line":17,"column":3}},"loc":{"start":{"line":17,"column":25},"end":{"line":19,"column":3}},"line":17},"2":{"name":"(anonymous_2)","decl":{"start":{"line":21,"column":2},"end":{"line":21,"column":3}},"loc":{"start":{"line":21,"column":25},"end":{"line":23,"column":3}},"line":21},"3":{"name":"(anonymous_3)","decl":{"start":{"line":26,"column":2},"end":{"line":26,"column":3}},"loc":{"start":{"line":26,"column":11},"end":{"line":46,"column":3}},"line":26}},"branchMap":{},"s":{"0":1,"1":1,"2":1,"3":1,"4":0,"5":0,"6":1},"f":{"0":1,"1":0,"2":0,"3":1},"b":{},"_coverageSchema":"1a1c01bbd47fc00a2c39e90264f33305004495a9","hash":"346966256e88583f7064eb67f4fd8ca0cc696aeb"}
,"/Users/trevorbell/Desktop/reservation-form/client/src/components/PaymentCalculator.jsx": {"path":"/Users/trevorbell/Desktop/reservation-form/client/src/components/PaymentCalculator.jsx","statementMap":{"0":{"start":{"line":4,"column":26},"end":{"line":10,"column":1}},"1":{"start":{"line":5,"column":2},"end":{"line":9,"column":3}}},"fnMap":{"0":{"name":"(anonymous_0)","decl":{"start":{"line":4,"column":26},"end":{"line":4,"column":27}},"loc":{"start":{"line":4,"column":37},"end":{"line":10,"column":1}},"line":4}},"branchMap":{},"s":{"0":3,"1":1},"f":{"0":1},"b":{},"_coverageSchema":"1a1c01bbd47fc00a2c39e90264f33305004495a9","hash":"f691abbc1b6ba8059d2224d162a5bdd2bd801b10"}
,"/Users/trevorbell/Desktop/reservation-form/client/src/components/ReservationDateSelector.jsx": {"path":"/Users/trevorbell/Desktop/reservation-form/client/src/components/ReservationDateSelector.jsx","statementMap":{"0":{"start":{"line":4,"column":32},"end":{"line":13,"column":1}},"1":{"start":{"line":5,"column":2},"end":{"line":12,"column":3}}},"fnMap":{"0":{"name":"(anonymous_0)","decl":{"start":{"line":4,"column":32},"end":{"line":4,"column":33}},"loc":{"start":{"line":4,"column":43},"end":{"line":13,"column":1}},"line":4}},"branchMap":{},"s":{"0":3,"1":1},"f":{"0":1},"b":{},"_coverageSchema":"1a1c01bbd47fc00a2c39e90264f33305004495a9","hash":"9c804a0225a92dc3dc00b09a0dac78dd956fd5aa"}
,"/Users/trevorbell/Desktop/reservation-form/client/src/components/ReservationForm.jsx": {"path":"/Users/trevorbell/Desktop/reservation-form/client/src/components/ReservationForm.jsx","statementMap":{"0":{"start":{"line":10,"column":4},"end":{"line":10,"column":16}},"1":{"start":{"line":14,"column":4},"end":{"line":22,"column":5}}},"fnMap":{"0":{"name":"(anonymous_0)","decl":{"start":{"line":9,"column":2},"end":{"line":9,"column":3}},"loc":{"start":{"line":9,"column":21},"end":{"line":11,"column":3}},"line":9},"1":{"name":"(anonymous_1)","decl":{"start":{"line":13,"column":2},"end":{"line":13,"column":3}},"loc":{"start":{"line":13,"column":11},"end":{"line":23,"column":3}},"line":13}},"branchMap":{},"s":{"0":1,"1":1},"f":{"0":1,"1":1},"b":{},"_coverageSchema":"1a1c01bbd47fc00a2c39e90264f33305004495a9","hash":"f440060b52ee1bc94e60ae1951ee93e9201dd4b1"}
,"/Users/trevorbell/Desktop/reservation-form/client/src/components/ReservationHeader.jsx": {"path":"/Users/trevorbell/Desktop/reservation-form/client/src/components/ReservationHeader.jsx","statementMap":{"0":{"start":{"line":3,"column":26},"end":{"line":17,"column":1}},"1":{"start":{"line":4,"column":2},"end":{"line":16,"column":3}}},"fnMap":{"0":{"name":"(anonymous_0)","decl":{"start":{"line":3,"column":26},"end":{"line":3,"column":27}},"loc":{"start":{"line":3,"column":37},"end":{"line":17,"column":1}},"line":3}},"branchMap":{},"s":{"0":3,"1":1},"f":{"0":1},"b":{},"_coverageSchema":"1a1c01bbd47fc00a2c39e90264f33305004495a9","hash":"bb2ce0815dbdfe3da0ee1bae4309a658f00124e5"}
,"/Users/trevorbell/Desktop/reservation-form/client/src/components/ReserveButton.jsx": {"path":"/Users/trevorbell/Desktop/reservation-form/client/src/components/ReserveButton.jsx","statementMap":{"0":{"start":{"line":3,"column":22},"end":{"line":12,"column":1}},"1":{"start":{"line":4,"column":2},"end":{"line":11,"column":3}}},"fnMap":{"0":{"name":"(anonymous_0)","decl":{"start":{"line":3,"column":22},"end":{"line":3,"column":23}},"loc":{"start":{"line":3,"column":33},"end":{"line":12,"column":1}},"line":3}},"branchMap":{},"s":{"0":3,"1":2},"f":{"0":2},"b":{},"_coverageSchema":"1a1c01bbd47fc00a2c39e90264f33305004495a9","hash":"b7d8091bae4b99dc29e8266e7d1ba4fa82e3b493"}
,"/Users/trevorbell/Desktop/reservation-form/client/src/components/SelectionDropDown.jsx": {"path":"/Users/trevorbell/Desktop/reservation-form/client/src/components/SelectionDropDown.jsx","statementMap":{"0":{"start":{"line":5,"column":4},"end":{"line":5,"column":16}},"1":{"start":{"line":7,"column":4},"end":{"line":9,"column":5}},"2":{"start":{"line":14,"column":21},"end":{"line":14,"column":27}},"3":{"start":{"line":15,"column":4},"end":{"line":17,"column":5}},"4":{"start":{"line":16,"column":6},"end":{"line":16,"column":31}},"5":{"start":{"line":18,"column":22},"end":{"line":18,"column":29}},"6":{"start":{"line":19,"column":4},"end":{"line":21,"column":5}},"7":{"start":{"line":20,"column":6},"end":{"line":20,"column":33}},"8":{"start":{"line":22,"column":23},"end":{"line":22,"column":29}},"9":{"start":{"line":23,"column":4},"end":{"line":25,"column":5}},"10":{"start":{"line":24,"column":6},"end":{"line":24,"column":33}},"11":{"start":{"line":26,"column":24},"end":{"line":26,"column":31}},"12":{"start":{"line":27,"column":4},"end":{"line":29,"column":5}},"13":{"start":{"line":28,"column":6},"end":{"line":28,"column":35}},"14":{"start":{"line":30,"column":22},"end":{"line":30,"column":28}},"15":{"start":{"line":31,"column":4},"end":{"line":33,"column":5}},"16":{"start":{"line":32,"column":6},"end":{"line":32,"column":32}},"17":{"start":{"line":34,"column":23},"end":{"line":34,"column":30}},"18":{"start":{"line":35,"column":4},"end":{"line":37,"column":5}},"19":{"start":{"line":36,"column":6},"end":{"line":36,"column":34}},"20":{"start":{"line":38,"column":4},"end":{"line":83,"column":5}}},"fnMap":{"0":{"name":"(anonymous_0)","decl":{"start":{"line":4,"column":2},"end":{"line":4,"column":3}},"loc":{"start":{"line":4,"column":21},"end":{"line":10,"column":3}},"line":4},"1":{"name":"(anonymous_1)","decl":{"start":{"line":13,"column":2},"end":{"line":13,"column":3}},"loc":{"start":{"line":13,"column":11},"end":{"line":84,"column":3}},"line":13}},"branchMap":{"0":{"loc":{"start":{"line":15,"column":4},"end":{"line":17,"column":5}},"type":"if","locations":[{"start":{"line":15,"column":4},"end":{"line":17,"column":5}},{"start":{"line":15,"column":4},"end":{"line":17,"column":5}}],"line":15},"1":{"loc":{"start":{"line":19,"column":4},"end":{"line":21,"column":5}},"type":"if","locations":[{"start":{"line":19,"column":4},"end":{"line":21,"column":5}},{"start":{"line":19,"column":4},"end":{"line":21,"column":5}}],"line":19},"2":{"loc":{"start":{"line":23,"column":4},"end":{"line":25,"column":5}},"type":"if","locations":[{"start":{"line":23,"column":4},"end":{"line":25,"column":5}},{"start":{"line":23,"column":4},"end":{"line":25,"column":5}}],"line":23},"3":{"loc":{"start":{"line":27,"column":4},"end":{"line":29,"column":5}},"type":"if","locations":[{"start":{"line":27,"column":4},"end":{"line":29,"column":5}},{"start":{"line":27,"column":4},"end":{"line":29,"column":5}}],"line":27},"4":{"loc":{"start":{"line":31,"column":4},"end":{"line":33,"column":5}},"type":"if","locations":[{"start":{"line":31,"column":4},"end":{"line":33,"column":5}},{"start":{"line":31,"column":4},"end":{"line":33,"column":5}}],"line":31},"5":{"loc":{"start":{"line":35,"column":4},"end":{"line":37,"column":5}},"type":"if","locations":[{"start":{"line":35,"column":4},"end":{"line":37,"column":5}},{"start":{"line":35,"column":4},"end":{"line":37,"column":5}}],"line":35}},"s":{"0":1,"1":1,"2":1,"3":1,"4":0,"5":1,"6":1,"7":0,"8":1,"9":1,"10":0,"11":1,"12":1,"13":0,"14":1,"15":1,"16":0,"17":1,"18":1,"19":0,"20":1},"f":{"0":1,"1":1},"b":{"0":[0,1],"1":[0,1],"2":[0,1],"3":[0,1],"4":[0,1],"5":[0,1]},"_coverageSchema":"1a1c01bbd47fc00a2c39e90264f33305004495a9","hash":"fe27a73365f76614c7be3ab4154b67a82a5f6408"}
}
